<?xml version="1.0" encoding="UTF-8"?>
<testng-results ignored="0" total="1" passed="1" failed="0" skipped="0">
  <reporter-output>
    <line>
      <![CDATA[Hiii]]>
    </line>
    <line>
      <![CDATA[Hiii]]>
    </line>
    <line>
      <![CDATA[Hiii]]>
    </line>
    <line>
      <![CDATA[Hiii]]>
    </line>
    <line>
      <![CDATA[Shiba]]>
    </line>
    <line>
      <![CDATA[Hiii]]>
    </line>
    <line>
      <![CDATA[Hiii]]>
    </line>
    <line>
      <![CDATA[Shiba]]>
    </line>
    <line>
      <![CDATA[Shiba]]>
    </line>
    <line>
      <![CDATA[Shiba]]>
    </line>
    <line>
      <![CDATA[Shiba]]>
    </line>
    <line>
      <![CDATA[Shiba]]>
    </line>
    <line>
      <![CDATA[Shiba]]>
    </line>
    <line>
      <![CDATA[Shiba]]>
    </line>
    <line>
      <![CDATA[Shiba]]>
    </line>
    <line>
      <![CDATA[Shiba]]>
    </line>
    <line>
      <![CDATA[Shiba]]>
    </line>
    <line>
      <![CDATA[Shiba]]>
    </line>
  </reporter-output>
  <suite started-at="2023-07-13T11:51:19 IST" name="Default suite" finished-at="2023-07-13T11:51:19 IST" duration-ms="135">
    <groups>
    </groups>
    <test started-at="2023-07-13T11:51:19 IST" name="Default test" finished-at="2023-07-13T11:51:19 IST" duration-ms="135">
      <class name="practice.Test1">
        <test-method signature="test()[pri:0, instance:practice.Test1@13c9d689]" started-at="2023-07-13T11:51:19 IST" name="test" finished-at="2023-07-13T11:51:19 IST" duration-ms="24" status="PASS">
          <reporter-output>
            <line>
              <![CDATA[Hiii]]>
            </line>
            <line>
              <![CDATA[Hiii]]>
            </line>
            <line>
              <![CDATA[Hiii]]>
            </line>
            <line>
              <![CDATA[Hiii]]>
            </line>
            <line>
              <![CDATA[Shiba]]>
            </line>
            <line>
              <![CDATA[Hiii]]>
            </line>
            <line>
              <![CDATA[Hiii]]>
            </line>
            <line>
              <![CDATA[Shiba]]>
            </line>
            <line>
              <![CDATA[Shiba]]>
            </line>
            <line>
              <![CDATA[Shiba]]>
            </line>
            <line>
              <![CDATA[Shiba]]>
            </line>
            <line>
              <![CDATA[Shiba]]>
            </line>
            <line>
              <![CDATA[Shiba]]>
            </line>
            <line>
              <![CDATA[Shiba]]>
            </line>
            <line>
              <![CDATA[Shiba]]>
            </line>
            <line>
              <![CDATA[Shiba]]>
            </line>
            <line>
              <![CDATA[Shiba]]>
            </line>
            <line>
              <![CDATA[Shiba]]>
            </line>
          </reporter-output>
        </test-method> <!-- test -->
      </class> <!-- practice.Test1 -->
    </test> <!-- Default test -->
  </suite> <!-- Default suite -->
</testng-results>
